{
  "uid" : "b74108b8e99dfc50",
  "name" : "test_login[listcases0]",
  "fullName" : "cases.test_login.Test_login#test_login",
  "historyId" : "b7527b1bf2eceb800c8526a4da939222",
  "time" : {
    "start" : 1615347597285,
    "stop" : 1615347624396,
    "duration" : 27111
  },
  "status" : "broken",
  "statusMessage" : "selenium.common.exceptions.NoSuchElementException: Message: no such element: Unable to locate element: {\"method\":\"xpath\",\"selector\":\"//*[@id=\"app\"]/div/div[1]/div[2]/div[1]/div/ul/div[3]/li/div\"}\n  (Session info: chrome=88.0.4324.190)",
  "statusTrace" : "self = <pytest_test.cases.test_login.Test_login object at 0x02AD2330>\nlistcases = {'cases': [{'method': 'getUrl', 'name': '打开登录页', 'url': 'http://ad.hivescrm.cn/login'}, {'locator': '//*[@id=\"app\"]/di...v[4]/div/button', 'method': 'click', 'name': '点击登录'}, {'method': 'sleep', 'name': '等待', 't': 2}, ...], 'title': '登录成功'}\n\n    @allure.story(\"登陆\")\n    @pytest.mark.parametrize('listcases', datas['photoPage'])\n    def test_login(self, listcases):  #传进来是个字典\n       # allure.dynamic.title(listcases['title'])\n       testcases = listcases['cases']\n       # allure.attach(testcases,\"获取的关键字:\")\n       log.info(testcases)\n       for cases in (testcases):\n           listcase = list(cases.values())\n           with allure.step(listcase[0]):\n               print(listcase)\n               func =getattr(self.web, listcase[1])\n               values = listcase[2:]\n>              func(*values)\n\ncases\\test_login.py:35: \n_ _ _ _ _ _ _ _ _ _ _ _ _ _ _ _ _ _ _ _ _ _ _ _ _ _ _ _ _ _ _ _ _ _ _ _ _ _ _ _\noperate\\webKeywords.py:71: in click\n    ele =self.__find_element(locator)\noperate\\webKeywords.py:56: in __find_element\n    ele = self.driver.find_element_by_xpath(locator)\nvenv\\lib\\site-packages\\selenium\\webdriver\\remote\\webdriver.py:394: in find_element_by_xpath\n    return self.find_element(by=By.XPATH, value=xpath)\nvenv\\lib\\site-packages\\selenium\\webdriver\\remote\\webdriver.py:978: in find_element\n    'value': value})['value']\nvenv\\lib\\site-packages\\selenium\\webdriver\\remote\\webdriver.py:321: in execute\n    self.error_handler.check_response(response)\n_ _ _ _ _ _ _ _ _ _ _ _ _ _ _ _ _ _ _ _ _ _ _ _ _ _ _ _ _ _ _ _ _ _ _ _ _ _ _ _\n\nself = <selenium.webdriver.remote.errorhandler.ErrorHandler object at 0x02AF3610>\nresponse = {'status': 404, 'value': '{\"value\":{\"error\":\"no such element\",\"message\":\"no such element: Unable to locate element: {\\...62EEFAC+18]\\\\n\\\\tRtlInitializeExceptionChain [0x77A63618+239]\\\\n\\\\tRtlInitializeExceptionChain [0x77A635EB+194]\\\\n\"}}'}\n\n    def check_response(self, response):\n        \"\"\"\n        Checks that a JSON response from the WebDriver does not have an error.\n    \n        :Args:\n         - response - The JSON response from the WebDriver server as a dictionary\n           object.\n    \n        :Raises: If the response contains an error message.\n        \"\"\"\n        status = response.get('status', None)\n        if status is None or status == ErrorCode.SUCCESS:\n            return\n        value = None\n        message = response.get(\"message\", \"\")\n        screen = response.get(\"screen\", \"\")\n        stacktrace = None\n        if isinstance(status, int):\n            value_json = response.get('value', None)\n            if value_json and isinstance(value_json, basestring):\n                import json\n                try:\n                    value = json.loads(value_json)\n                    if len(value.keys()) == 1:\n                        value = value['value']\n                    status = value.get('error', None)\n                    if status is None:\n                        status = value[\"status\"]\n                        message = value[\"value\"]\n                        if not isinstance(message, basestring):\n                            value = message\n                            message = message.get('message')\n                    else:\n                        message = value.get('message', None)\n                except ValueError:\n                    pass\n    \n        exception_class = ErrorInResponseException\n        if status in ErrorCode.NO_SUCH_ELEMENT:\n            exception_class = NoSuchElementException\n        elif status in ErrorCode.NO_SUCH_FRAME:\n            exception_class = NoSuchFrameException\n        elif status in ErrorCode.NO_SUCH_WINDOW:\n            exception_class = NoSuchWindowException\n        elif status in ErrorCode.STALE_ELEMENT_REFERENCE:\n            exception_class = StaleElementReferenceException\n        elif status in ErrorCode.ELEMENT_NOT_VISIBLE:\n            exception_class = ElementNotVisibleException\n        elif status in ErrorCode.INVALID_ELEMENT_STATE:\n            exception_class = InvalidElementStateException\n        elif status in ErrorCode.INVALID_SELECTOR \\\n                or status in ErrorCode.INVALID_XPATH_SELECTOR \\\n                or status in ErrorCode.INVALID_XPATH_SELECTOR_RETURN_TYPER:\n            exception_class = InvalidSelectorException\n        elif status in ErrorCode.ELEMENT_IS_NOT_SELECTABLE:\n            exception_class = ElementNotSelectableException\n        elif status in ErrorCode.ELEMENT_NOT_INTERACTABLE:\n            exception_class = ElementNotInteractableException\n        elif status in ErrorCode.INVALID_COOKIE_DOMAIN:\n            exception_class = InvalidCookieDomainException\n        elif status in ErrorCode.UNABLE_TO_SET_COOKIE:\n            exception_class = UnableToSetCookieException\n        elif status in ErrorCode.TIMEOUT:\n            exception_class = TimeoutException\n        elif status in ErrorCode.SCRIPT_TIMEOUT:\n            exception_class = TimeoutException\n        elif status in ErrorCode.UNKNOWN_ERROR:\n            exception_class = WebDriverException\n        elif status in ErrorCode.UNEXPECTED_ALERT_OPEN:\n            exception_class = UnexpectedAlertPresentException\n        elif status in ErrorCode.NO_ALERT_OPEN:\n            exception_class = NoAlertPresentException\n        elif status in ErrorCode.IME_NOT_AVAILABLE:\n            exception_class = ImeNotAvailableException\n        elif status in ErrorCode.IME_ENGINE_ACTIVATION_FAILED:\n            exception_class = ImeActivationFailedException\n        elif status in ErrorCode.MOVE_TARGET_OUT_OF_BOUNDS:\n            exception_class = MoveTargetOutOfBoundsException\n        elif status in ErrorCode.JAVASCRIPT_ERROR:\n            exception_class = JavascriptException\n        elif status in ErrorCode.SESSION_NOT_CREATED:\n            exception_class = SessionNotCreatedException\n        elif status in ErrorCode.INVALID_ARGUMENT:\n            exception_class = InvalidArgumentException\n        elif status in ErrorCode.NO_SUCH_COOKIE:\n            exception_class = NoSuchCookieException\n        elif status in ErrorCode.UNABLE_TO_CAPTURE_SCREEN:\n            exception_class = ScreenshotException\n        elif status in ErrorCode.ELEMENT_CLICK_INTERCEPTED:\n            exception_class = ElementClickInterceptedException\n        elif status in ErrorCode.INSECURE_CERTIFICATE:\n            exception_class = InsecureCertificateException\n        elif status in ErrorCode.INVALID_COORDINATES:\n            exception_class = InvalidCoordinatesException\n        elif status in ErrorCode.INVALID_SESSION_ID:\n            exception_class = InvalidSessionIdException\n        elif status in ErrorCode.UNKNOWN_METHOD:\n            exception_class = UnknownMethodException\n        else:\n            exception_class = WebDriverException\n        if value == '' or value is None:\n            value = response['value']\n        if isinstance(value, basestring):\n            if exception_class == ErrorInResponseException:\n                raise exception_class(response, value)\n            raise exception_class(value)\n        if message == \"\" and 'message' in value:\n            message = value['message']\n    \n        screen = None\n        if 'screen' in value:\n            screen = value['screen']\n    \n        stacktrace = None\n        if 'stackTrace' in value and value['stackTrace']:\n            stacktrace = []\n            try:\n                for frame in value['stackTrace']:\n                    line = self._value_or_default(frame, 'lineNumber', '')\n                    file = self._value_or_default(frame, 'fileName', '<anonymous>')\n                    if line:\n                        file = \"%s:%s\" % (file, line)\n                    meth = self._value_or_default(frame, 'methodName', '<anonymous>')\n                    if 'className' in frame:\n                        meth = \"%s.%s\" % (frame['className'], meth)\n                    msg = \"    at %s (%s)\"\n                    msg = msg % (meth, file)\n                    stacktrace.append(msg)\n            except TypeError:\n                pass\n        if exception_class == ErrorInResponseException:\n            raise exception_class(response, message)\n        elif exception_class == UnexpectedAlertPresentException:\n            alert_text = None\n            if 'data' in value:\n                alert_text = value['data'].get('text')\n            elif 'alert' in value:\n                alert_text = value['alert'].get('text')\n            raise exception_class(message, screen, stacktrace, alert_text)\n>       raise exception_class(message, screen, stacktrace)\nE       selenium.common.exceptions.NoSuchElementException: Message: no such element: Unable to locate element: {\"method\":\"xpath\",\"selector\":\"//*[@id=\"app\"]/div/div[1]/div[2]/div[1]/div/ul/div[3]/li/div\"}\nE         (Session info: chrome=88.0.4324.190)\n\nvenv\\lib\\site-packages\\selenium\\webdriver\\remote\\errorhandler.py:242: NoSuchElementException",
  "flaky" : false,
  "newFailed" : false,
  "beforeStages" : [ {
    "name" : "xunit_setup_class_fixture_Test_login",
    "time" : {
      "start" : 1615347592350,
      "stop" : 1615347596720,
      "duration" : 4370
    },
    "status" : "passed",
    "steps" : [ ],
    "attachments" : [ ],
    "parameters" : [ ],
    "stepsCount" : 0,
    "hasContent" : false,
    "attachmentsCount" : 0,
    "shouldDisplayMessage" : false
  } ],
  "testStage" : {
    "status" : "broken",
    "statusMessage" : "selenium.common.exceptions.NoSuchElementException: Message: no such element: Unable to locate element: {\"method\":\"xpath\",\"selector\":\"//*[@id=\"app\"]/div/div[1]/div[2]/div[1]/div/ul/div[3]/li/div\"}\n  (Session info: chrome=88.0.4324.190)",
    "statusTrace" : "self = <pytest_test.cases.test_login.Test_login object at 0x02AD2330>\nlistcases = {'cases': [{'method': 'getUrl', 'name': '打开登录页', 'url': 'http://ad.hivescrm.cn/login'}, {'locator': '//*[@id=\"app\"]/di...v[4]/div/button', 'method': 'click', 'name': '点击登录'}, {'method': 'sleep', 'name': '等待', 't': 2}, ...], 'title': '登录成功'}\n\n    @allure.story(\"登陆\")\n    @pytest.mark.parametrize('listcases', datas['photoPage'])\n    def test_login(self, listcases):  #传进来是个字典\n       # allure.dynamic.title(listcases['title'])\n       testcases = listcases['cases']\n       # allure.attach(testcases,\"获取的关键字:\")\n       log.info(testcases)\n       for cases in (testcases):\n           listcase = list(cases.values())\n           with allure.step(listcase[0]):\n               print(listcase)\n               func =getattr(self.web, listcase[1])\n               values = listcase[2:]\n>              func(*values)\n\ncases\\test_login.py:35: \n_ _ _ _ _ _ _ _ _ _ _ _ _ _ _ _ _ _ _ _ _ _ _ _ _ _ _ _ _ _ _ _ _ _ _ _ _ _ _ _\noperate\\webKeywords.py:71: in click\n    ele =self.__find_element(locator)\noperate\\webKeywords.py:56: in __find_element\n    ele = self.driver.find_element_by_xpath(locator)\nvenv\\lib\\site-packages\\selenium\\webdriver\\remote\\webdriver.py:394: in find_element_by_xpath\n    return self.find_element(by=By.XPATH, value=xpath)\nvenv\\lib\\site-packages\\selenium\\webdriver\\remote\\webdriver.py:978: in find_element\n    'value': value})['value']\nvenv\\lib\\site-packages\\selenium\\webdriver\\remote\\webdriver.py:321: in execute\n    self.error_handler.check_response(response)\n_ _ _ _ _ _ _ _ _ _ _ _ _ _ _ _ _ _ _ _ _ _ _ _ _ _ _ _ _ _ _ _ _ _ _ _ _ _ _ _\n\nself = <selenium.webdriver.remote.errorhandler.ErrorHandler object at 0x02AF3610>\nresponse = {'status': 404, 'value': '{\"value\":{\"error\":\"no such element\",\"message\":\"no such element: Unable to locate element: {\\...62EEFAC+18]\\\\n\\\\tRtlInitializeExceptionChain [0x77A63618+239]\\\\n\\\\tRtlInitializeExceptionChain [0x77A635EB+194]\\\\n\"}}'}\n\n    def check_response(self, response):\n        \"\"\"\n        Checks that a JSON response from the WebDriver does not have an error.\n    \n        :Args:\n         - response - The JSON response from the WebDriver server as a dictionary\n           object.\n    \n        :Raises: If the response contains an error message.\n        \"\"\"\n        status = response.get('status', None)\n        if status is None or status == ErrorCode.SUCCESS:\n            return\n        value = None\n        message = response.get(\"message\", \"\")\n        screen = response.get(\"screen\", \"\")\n        stacktrace = None\n        if isinstance(status, int):\n            value_json = response.get('value', None)\n            if value_json and isinstance(value_json, basestring):\n                import json\n                try:\n                    value = json.loads(value_json)\n                    if len(value.keys()) == 1:\n                        value = value['value']\n                    status = value.get('error', None)\n                    if status is None:\n                        status = value[\"status\"]\n                        message = value[\"value\"]\n                        if not isinstance(message, basestring):\n                            value = message\n                            message = message.get('message')\n                    else:\n                        message = value.get('message', None)\n                except ValueError:\n                    pass\n    \n        exception_class = ErrorInResponseException\n        if status in ErrorCode.NO_SUCH_ELEMENT:\n            exception_class = NoSuchElementException\n        elif status in ErrorCode.NO_SUCH_FRAME:\n            exception_class = NoSuchFrameException\n        elif status in ErrorCode.NO_SUCH_WINDOW:\n            exception_class = NoSuchWindowException\n        elif status in ErrorCode.STALE_ELEMENT_REFERENCE:\n            exception_class = StaleElementReferenceException\n        elif status in ErrorCode.ELEMENT_NOT_VISIBLE:\n            exception_class = ElementNotVisibleException\n        elif status in ErrorCode.INVALID_ELEMENT_STATE:\n            exception_class = InvalidElementStateException\n        elif status in ErrorCode.INVALID_SELECTOR \\\n                or status in ErrorCode.INVALID_XPATH_SELECTOR \\\n                or status in ErrorCode.INVALID_XPATH_SELECTOR_RETURN_TYPER:\n            exception_class = InvalidSelectorException\n        elif status in ErrorCode.ELEMENT_IS_NOT_SELECTABLE:\n            exception_class = ElementNotSelectableException\n        elif status in ErrorCode.ELEMENT_NOT_INTERACTABLE:\n            exception_class = ElementNotInteractableException\n        elif status in ErrorCode.INVALID_COOKIE_DOMAIN:\n            exception_class = InvalidCookieDomainException\n        elif status in ErrorCode.UNABLE_TO_SET_COOKIE:\n            exception_class = UnableToSetCookieException\n        elif status in ErrorCode.TIMEOUT:\n            exception_class = TimeoutException\n        elif status in ErrorCode.SCRIPT_TIMEOUT:\n            exception_class = TimeoutException\n        elif status in ErrorCode.UNKNOWN_ERROR:\n            exception_class = WebDriverException\n        elif status in ErrorCode.UNEXPECTED_ALERT_OPEN:\n            exception_class = UnexpectedAlertPresentException\n        elif status in ErrorCode.NO_ALERT_OPEN:\n            exception_class = NoAlertPresentException\n        elif status in ErrorCode.IME_NOT_AVAILABLE:\n            exception_class = ImeNotAvailableException\n        elif status in ErrorCode.IME_ENGINE_ACTIVATION_FAILED:\n            exception_class = ImeActivationFailedException\n        elif status in ErrorCode.MOVE_TARGET_OUT_OF_BOUNDS:\n            exception_class = MoveTargetOutOfBoundsException\n        elif status in ErrorCode.JAVASCRIPT_ERROR:\n            exception_class = JavascriptException\n        elif status in ErrorCode.SESSION_NOT_CREATED:\n            exception_class = SessionNotCreatedException\n        elif status in ErrorCode.INVALID_ARGUMENT:\n            exception_class = InvalidArgumentException\n        elif status in ErrorCode.NO_SUCH_COOKIE:\n            exception_class = NoSuchCookieException\n        elif status in ErrorCode.UNABLE_TO_CAPTURE_SCREEN:\n            exception_class = ScreenshotException\n        elif status in ErrorCode.ELEMENT_CLICK_INTERCEPTED:\n            exception_class = ElementClickInterceptedException\n        elif status in ErrorCode.INSECURE_CERTIFICATE:\n            exception_class = InsecureCertificateException\n        elif status in ErrorCode.INVALID_COORDINATES:\n            exception_class = InvalidCoordinatesException\n        elif status in ErrorCode.INVALID_SESSION_ID:\n            exception_class = InvalidSessionIdException\n        elif status in ErrorCode.UNKNOWN_METHOD:\n            exception_class = UnknownMethodException\n        else:\n            exception_class = WebDriverException\n        if value == '' or value is None:\n            value = response['value']\n        if isinstance(value, basestring):\n            if exception_class == ErrorInResponseException:\n                raise exception_class(response, value)\n            raise exception_class(value)\n        if message == \"\" and 'message' in value:\n            message = value['message']\n    \n        screen = None\n        if 'screen' in value:\n            screen = value['screen']\n    \n        stacktrace = None\n        if 'stackTrace' in value and value['stackTrace']:\n            stacktrace = []\n            try:\n                for frame in value['stackTrace']:\n                    line = self._value_or_default(frame, 'lineNumber', '')\n                    file = self._value_or_default(frame, 'fileName', '<anonymous>')\n                    if line:\n                        file = \"%s:%s\" % (file, line)\n                    meth = self._value_or_default(frame, 'methodName', '<anonymous>')\n                    if 'className' in frame:\n                        meth = \"%s.%s\" % (frame['className'], meth)\n                    msg = \"    at %s (%s)\"\n                    msg = msg % (meth, file)\n                    stacktrace.append(msg)\n            except TypeError:\n                pass\n        if exception_class == ErrorInResponseException:\n            raise exception_class(response, message)\n        elif exception_class == UnexpectedAlertPresentException:\n            alert_text = None\n            if 'data' in value:\n                alert_text = value['data'].get('text')\n            elif 'alert' in value:\n                alert_text = value['alert'].get('text')\n            raise exception_class(message, screen, stacktrace, alert_text)\n>       raise exception_class(message, screen, stacktrace)\nE       selenium.common.exceptions.NoSuchElementException: Message: no such element: Unable to locate element: {\"method\":\"xpath\",\"selector\":\"//*[@id=\"app\"]/div/div[1]/div[2]/div[1]/div/ul/div[3]/li/div\"}\nE         (Session info: chrome=88.0.4324.190)\n\nvenv\\lib\\site-packages\\selenium\\webdriver\\remote\\errorhandler.py:242: NoSuchElementException",
    "steps" : [ {
      "name" : "打开登录页",
      "time" : {
        "start" : 1615347597285,
        "stop" : 1615347606455,
        "duration" : 9170
      },
      "status" : "passed",
      "steps" : [ ],
      "attachments" : [ ],
      "parameters" : [ ],
      "stepsCount" : 0,
      "hasContent" : false,
      "attachmentsCount" : 0,
      "shouldDisplayMessage" : false
    }, {
      "name" : "输入用户名",
      "time" : {
        "start" : 1615347606456,
        "stop" : 1615347606584,
        "duration" : 128
      },
      "status" : "passed",
      "steps" : [ ],
      "attachments" : [ ],
      "parameters" : [ ],
      "stepsCount" : 0,
      "hasContent" : false,
      "attachmentsCount" : 0,
      "shouldDisplayMessage" : false
    }, {
      "name" : "输入密码",
      "time" : {
        "start" : 1615347606584,
        "stop" : 1615347606721,
        "duration" : 137
      },
      "status" : "passed",
      "steps" : [ ],
      "attachments" : [ ],
      "parameters" : [ ],
      "stepsCount" : 0,
      "hasContent" : false,
      "attachmentsCount" : 0,
      "shouldDisplayMessage" : false
    }, {
      "name" : "固定等待",
      "time" : {
        "start" : 1615347606721,
        "stop" : 1615347611721,
        "duration" : 5000
      },
      "status" : "passed",
      "steps" : [ ],
      "attachments" : [ ],
      "parameters" : [ ],
      "stepsCount" : 0,
      "hasContent" : false,
      "attachmentsCount" : 0,
      "shouldDisplayMessage" : false
    }, {
      "name" : "点击登录",
      "time" : {
        "start" : 1615347611721,
        "stop" : 1615347611809,
        "duration" : 88
      },
      "status" : "passed",
      "steps" : [ ],
      "attachments" : [ ],
      "parameters" : [ ],
      "stepsCount" : 0,
      "hasContent" : false,
      "attachmentsCount" : 0,
      "shouldDisplayMessage" : false
    }, {
      "name" : "等待",
      "time" : {
        "start" : 1615347611809,
        "stop" : 1615347613810,
        "duration" : 2001
      },
      "status" : "passed",
      "steps" : [ ],
      "attachments" : [ ],
      "parameters" : [ ],
      "stepsCount" : 0,
      "hasContent" : false,
      "attachmentsCount" : 0,
      "shouldDisplayMessage" : false
    }, {
      "name" : "点击素材管理菜单栏",
      "time" : {
        "start" : 1615347613810,
        "stop" : 1615347623864,
        "duration" : 10054
      },
      "status" : "broken",
      "statusMessage" : "selenium.common.exceptions.NoSuchElementException: Message: no such element: Unable to locate element: {\"method\":\"xpath\",\"selector\":\"//*[@id=\"app\"]/div/div[1]/div[2]/div[1]/div/ul/div[3]/li/div\"}\n  (Session info: chrome=88.0.4324.190)\n\n",
      "statusTrace" : "  File \"D:\\pytest_test\\cases\\test_login.py\", line 35, in test_login\n    func(*values)\n  File \"D:\\pytest_test\\operate\\webKeywords.py\", line 71, in click\n    ele =self.__find_element(locator)\n  File \"D:\\pytest_test\\operate\\webKeywords.py\", line 56, in __find_element\n    ele = self.driver.find_element_by_xpath(locator)\n  File \"D:\\pytest_test\\venv\\lib\\site-packages\\selenium\\webdriver\\remote\\webdriver.py\", line 394, in find_element_by_xpath\n    return self.find_element(by=By.XPATH, value=xpath)\n  File \"D:\\pytest_test\\venv\\lib\\site-packages\\selenium\\webdriver\\remote\\webdriver.py\", line 978, in find_element\n    'value': value})['value']\n  File \"D:\\pytest_test\\venv\\lib\\site-packages\\selenium\\webdriver\\remote\\webdriver.py\", line 321, in execute\n    self.error_handler.check_response(response)\n  File \"D:\\pytest_test\\venv\\lib\\site-packages\\selenium\\webdriver\\remote\\errorhandler.py\", line 242, in check_response\n    raise exception_class(message, screen, stacktrace)\n",
      "steps" : [ ],
      "attachments" : [ ],
      "parameters" : [ ],
      "stepsCount" : 0,
      "hasContent" : true,
      "attachmentsCount" : 0,
      "shouldDisplayMessage" : true
    } ],
    "attachments" : [ ],
    "parameters" : [ ],
    "stepsCount" : 7,
    "hasContent" : true,
    "attachmentsCount" : 0,
    "shouldDisplayMessage" : true
  },
  "afterStages" : [ {
    "name" : "xunit_setup_class_fixture_Test_login::0",
    "time" : {
      "start" : 1615347627101,
      "stop" : 1615347630970,
      "duration" : 3869
    },
    "status" : "passed",
    "steps" : [ ],
    "attachments" : [ ],
    "parameters" : [ ],
    "stepsCount" : 0,
    "hasContent" : false,
    "attachmentsCount" : 0,
    "shouldDisplayMessage" : false
  } ],
  "labels" : [ {
    "name" : "feature",
    "value" : "蜂巢投放系统后台"
  }, {
    "name" : "story",
    "value" : "登陆"
  }, {
    "name" : "parentSuite",
    "value" : "cases"
  }, {
    "name" : "suite",
    "value" : "test_login"
  }, {
    "name" : "subSuite",
    "value" : "Test_login"
  }, {
    "name" : "host",
    "value" : "PC-20160329AGKD"
  }, {
    "name" : "thread",
    "value" : "5228-MainThread"
  }, {
    "name" : "framework",
    "value" : "pytest"
  }, {
    "name" : "language",
    "value" : "cpython3"
  }, {
    "name" : "package",
    "value" : "cases.test_login"
  }, {
    "name" : "resultFormat",
    "value" : "allure2"
  } ],
  "parameters" : [ {
    "name" : "listcases",
    "value" : "{'title': '登录成功', 'cases': [{'name': '打开登录页', 'method': 'getUrl', 'url': 'http://ad.hivescrm.cn/login'}, {'name': '输入用户名', 'method': 'input', 'locator': '//*[@id=\"app\"]/div/form/div[1]/div/div[1]/input', 'value': 'ads'}, {'name': '输入密码', 'method': 'input', 'locator': '//*[@id=\"app\"]/div/form/div[2]/div/div[1]/input', 'value': 'ads123'}, {'name': '固定等待', 'method': 'sleep', 't': 5}, {'name': '点击登录', 'method': 'click', 'locator': '//*[@id=\"app\"]/div/form/div[4]/div/button'}, {'name': '等待', 'method': 'sleep', 't': 2}, {'name': '点击素材管理菜单栏', 'method': 'click', 'locator': '//*[@id=\"app\"]/div/div[1]/div[2]/div[1]/div/ul/div[3]/li/div'}, {'name': '等待', 'method': 'sleep', 't': 2}, {'name': '点击图片管理菜单', 'method': 'click', 'locator': '//*[@id=\"app\"]/div/div[1]/div[2]/div[1]/div/ul/div[3]/li/ul/div[2]/a/li/span'}, {'name': '等待', 'method': 'sleep', 't': 3}, {'name': '按照图片名称关键字查询', 'method': 'input', 'locator': '//*[@id=\"app\"]/div/div[2]/section/div/form/div[1]/div/div/input'}, {'name': '点击搜索按钮', 'method': 'click', 'locator': '//*[@id=\"app\"]/div/div[2]/section/div/form/div[4]/div/button[1]/span'}]}"
  } ],
  "links" : [ ],
  "hidden" : false,
  "retry" : false,
  "extra" : {
    "severity" : "normal",
    "retries" : [ {
      "uid" : "65dc3a10c408d372",
      "status" : "passed",
      "time" : {
        "start" : 1613289832279,
        "stop" : 1613289844577,
        "duration" : 12298
      }
    }, {
      "uid" : "8c1101ac47bef5eb",
      "status" : "passed",
      "time" : {
        "start" : 1613289685123,
        "stop" : 1613289691367,
        "duration" : 6244
      }
    }, {
      "uid" : "e994aa977b4f0c5f",
      "status" : "passed",
      "time" : {
        "start" : 1613289406417,
        "stop" : 1613289420878,
        "duration" : 14461
      }
    }, {
      "uid" : "82f5cd29ce78518e",
      "status" : "passed",
      "time" : {
        "start" : 1613289152460,
        "stop" : 1613289163101,
        "duration" : 10641
      }
    }, {
      "uid" : "bb9ebd5b201476b0",
      "status" : "broken",
      "statusDetails" : "AttributeError: 'WebKeywords' object has no attribute 'driver'",
      "time" : {
        "start" : 1613282442755,
        "stop" : 1613282442757,
        "duration" : 2
      }
    }, {
      "uid" : "4d30b968267ca0b8",
      "status" : "broken",
      "statusDetails" : "TypeError: 'str' object is not callable",
      "time" : {
        "start" : 1613282335742,
        "stop" : 1613282335744,
        "duration" : 2
      }
    }, {
      "uid" : "e42278c8889587c2",
      "status" : "broken",
      "statusDetails" : "TypeError: 'str' object is not callable",
      "time" : {
        "start" : 1613281901949,
        "stop" : 1613281901953,
        "duration" : 4
      }
    }, {
      "uid" : "58b35a26d3560ee0",
      "status" : "broken",
      "statusDetails" : "TypeError: 'str' object is not callable",
      "time" : {
        "start" : 1613278504913,
        "stop" : 1613278504918,
        "duration" : 5
      }
    }, {
      "uid" : "6901181b2e190604",
      "status" : "broken",
      "statusDetails" : "TypeError: 'str' object is not callable",
      "time" : {
        "start" : 1613278441099,
        "stop" : 1613278441103,
        "duration" : 4
      }
    }, {
      "uid" : "6bfb51ecec80219",
      "status" : "broken",
      "statusDetails" : "TypeError: 'str' object is not callable",
      "time" : {
        "start" : 1613276653369,
        "stop" : 1613276653426,
        "duration" : 57
      }
    }, {
      "uid" : "84f133ac20b82535",
      "status" : "broken",
      "statusDetails" : "AttributeError: 'Test_login' object has no attribute 'web'",
      "time" : {
        "start" : 1613271270805,
        "stop" : 1613271270807,
        "duration" : 2
      }
    }, {
      "uid" : "448c6270ae569124",
      "status" : "broken",
      "statusDetails" : "AttributeError: 'Test_login' object has no attribute 'web'",
      "time" : {
        "start" : 1613270996050,
        "stop" : 1613270996098,
        "duration" : 48
      }
    } ],
    "categories" : [ {
      "name" : "Test defects",
      "matchedStatuses" : [ ],
      "flaky" : false
    } ],
    "tags" : [ ]
  },
  "source" : "b74108b8e99dfc50.json",
  "parameterValues" : [ "{'title': '登录成功', 'cases': [{'name': '打开登录页', 'method': 'getUrl', 'url': 'http://ad.hivescrm.cn/login'}, {'name': '输入用户名', 'method': 'input', 'locator': '//*[@id=\"app\"]/div/form/div[1]/div/div[1]/input', 'value': 'ads'}, {'name': '输入密码', 'method': 'input', 'locator': '//*[@id=\"app\"]/div/form/div[2]/div/div[1]/input', 'value': 'ads123'}, {'name': '固定等待', 'method': 'sleep', 't': 5}, {'name': '点击登录', 'method': 'click', 'locator': '//*[@id=\"app\"]/div/form/div[4]/div/button'}, {'name': '等待', 'method': 'sleep', 't': 2}, {'name': '点击素材管理菜单栏', 'method': 'click', 'locator': '//*[@id=\"app\"]/div/div[1]/div[2]/div[1]/div/ul/div[3]/li/div'}, {'name': '等待', 'method': 'sleep', 't': 2}, {'name': '点击图片管理菜单', 'method': 'click', 'locator': '//*[@id=\"app\"]/div/div[1]/div[2]/div[1]/div/ul/div[3]/li/ul/div[2]/a/li/span'}, {'name': '等待', 'method': 'sleep', 't': 3}, {'name': '按照图片名称关键字查询', 'method': 'input', 'locator': '//*[@id=\"app\"]/div/div[2]/section/div/form/div[1]/div/div/input'}, {'name': '点击搜索按钮', 'method': 'click', 'locator': '//*[@id=\"app\"]/div/div[2]/section/div/form/div[4]/div/button[1]/span'}]}" ]
}